<?xml version="1.0" encoding="UTF-8"?>
<testng-results skipped="0" failed="0" ignored="0" total="1" passed="1">
  <reporter-output>
  </reporter-output>
  <suite name="Default suite" duration-ms="18095" started-at="2017-11-23T03:24:41Z" finished-at="2017-11-23T03:24:59Z">
    <groups>
    </groups>
    <test name="Default test" duration-ms="18095" started-at="2017-11-23T03:24:41Z" finished-at="2017-11-23T03:24:59Z">
      <class name="TestScripts.ValidateResetButtonFunctionality">
        <test-method status="PASS" signature="beforeMethod(java.lang.reflect.Method)[pri:0, instance:TestScripts.ValidateResetButtonFunctionality@5700d6b1]" name="beforeMethod" is-config="true" duration-ms="9668" started-at="2017-11-23T08:54:41Z" finished-at="2017-11-23T08:54:51Z">
          <params>
            <param index="0">
              <value>
                <![CDATA[public void TestScripts.ValidateResetButtonFunctionality.VerifyResetButtonFunctionality() throws java.lang.Exception]]>
              </value>
            </param>
          </params>
          <reporter-output>
          </reporter-output>
        </test-method> <!-- beforeMethod -->
        <test-method status="PASS" signature="VerifyResetButtonFunctionality()[pri:0, instance:TestScripts.ValidateResetButtonFunctionality@5700d6b1]" name="VerifyResetButtonFunctionality" duration-ms="7162" started-at="2017-11-23T08:54:51Z" finished-at="2017-11-23T08:54:58Z">
          <reporter-output>
          </reporter-output>
        </test-method> <!-- VerifyResetButtonFunctionality -->
        <test-method status="PASS" signature="afterMethod(java.lang.reflect.Method)[pri:0, instance:TestScripts.ValidateResetButtonFunctionality@5700d6b1]" name="afterMethod" is-config="true" duration-ms="1240" started-at="2017-11-23T08:54:58Z" finished-at="2017-11-23T08:54:59Z">
          <params>
            <param index="0">
              <value>
                <![CDATA[public void TestScripts.ValidateResetButtonFunctionality.VerifyResetButtonFunctionality() throws java.lang.Exception]]>
              </value>
            </param>
          </params>
          <reporter-output>
          </reporter-output>
        </test-method> <!-- afterMethod -->
        <test-method status="PASS" signature="afterSuite()[pri:0, instance:TestScripts.ValidateResetButtonFunctionality@5700d6b1]" name="afterSuite" is-config="true" duration-ms="416" started-at="2017-11-23T08:54:59Z" finished-at="2017-11-23T08:55:00Z">
          <reporter-output>
          </reporter-output>
        </test-method> <!-- afterSuite -->
      </class> <!-- TestScripts.ValidateResetButtonFunctionality -->
    </test> <!-- Default test -->
  </suite> <!-- Default suite -->
</testng-results>
