<?xml version="1.0" encoding="UTF-8"?>
<!-- Generated by org.testng.reporters.JUnitXMLReporter -->
<testsuite hostname="Ravi-PC" ignored="3" name="Test" tests="4" failures="0" timestamp="22 Nov 2017 04:15:22 GMT" time="164.521" errors="0">
  <testcase name="ValidateDifferentTabsNavigation" time="13.359" classname="TestScripts.ValidateDifferentTabs"/>
  <testcase name="ValidateDifferentFieldsinSampleFormsPage" time="7.428" classname="TestScripts.ValidateFieldsinSampleFormsPage"/>
  <testcase name="ValidateLinksShouldnotDisplayISEinSampleFormsPage" time="110.971" classname="TestScripts.ValidateLinksShouldnotDisplayISE"/>
  <testcase name="ValidateTableData_PricingPage" time="2.076" classname="TestScripts.ValidateTableDataInPricingPage"/>
  <testcase name="@AfterSuite afterSuite" time="0.0" classname="SupportLibraries.SeleniumHelper">
    <ignored/>
  </testcase> <!-- @AfterSuite afterSuite -->
  <testcase name="@AfterSuite afterSuite" time="0.0" classname="SupportLibraries.SeleniumHelper">
    <ignored/>
  </testcase> <!-- @AfterSuite afterSuite -->
  <testcase name="@AfterSuite afterSuite" time="0.0" classname="SupportLibraries.SeleniumHelper">
    <ignored/>
  </testcase> <!-- @AfterSuite afterSuite -->
</testsuite> <!-- Test -->
